<?xml version="1.0" encoding="UTF-8"?>
<testsuite name="co.com.tevolvers.certification.reto.runners.CompraProductoRunner" tests="0" skipped="0" failures="0" errors="0" timestamp="1970-01-01T00:00:00" hostname="LAPTOP-STJ4R6BF" time="0.0">
  <properties/>
  <system-out><![CDATA[
?[31mFailed scenarios:?[0m
?[31msrc/test/resources/features/compra_producto.feature:17 ?[0m# Seleccionar y agregar los productos al carrito de compras

1 Scenarios (?[31m1 failed?[0m)
3 Steps (?[31m1 failed?[0m, ?[36m1 skipped?[0m, ?[32m1 passed?[0m)
0m44,433s

java.lang.AssertionError: 
Expected: an element that is visible
     but: no matching element found by xpath: (//div[@class='shop_now_slider'])[1]
	at net.serenitybdd.screenplay.ErrorTally.throwSummaryExceptionFrom(ErrorTally.java:36)
	at net.serenitybdd.screenplay.ErrorTally.reportAnyErrors(ErrorTally.java:30)
	at net.serenitybdd.screenplay.Actor.should(Actor.java:300)
	at net.serenitybdd.screenplay.waits.WaitUntilBuilder$1.performAs(WaitUntilBuilder.java:29)
	at net.serenitybdd.screenplay.Actor.performTask(Actor.java:232)
	at net.serenitybdd.screenplay.Actor.perform(Actor.java:213)
	at net.serenitybdd.screenplay.Actor.performSilently(Actor.java:193)
	at net.serenitybdd.screenplay.Actor.attemptsTo(Actor.java:166)
	at co.com.tevolvers.certification.reto.tasks.AgregarProducto.performAs(AgregarProducto.java:29)
	at co.com.tevolvers.certification.reto.tasks.AgregarProducto$$EnhancerByCGLIB$$694137ae.CGLIB$performAs$0(<generated>)
	at co.com.tevolvers.certification.reto.tasks.AgregarProducto$$EnhancerByCGLIB$$694137ae$$FastClassByCGLIB$$aed1a330.invoke(<generated>)
	at net.sf.cglib.proxy.MethodProxy.invokeSuper(MethodProxy.java:228)
	at net.thucydides.core.steps.StepInterceptor.invokeMethod(StepInterceptor.java:478)
	at net.thucydides.core.steps.StepInterceptor.executeTestStepMethod(StepInterceptor.java:463)
	at net.thucydides.core.steps.StepInterceptor.runTestStep(StepInterceptor.java:438)
	at net.thucydides.core.steps.StepInterceptor.runOrSkipMethod(StepInterceptor.java:179)
	at net.thucydides.core.steps.StepInterceptor.testStepResult(StepInterceptor.java:166)
	at net.thucydides.core.steps.StepInterceptor.intercept(StepInterceptor.java:72)
	at co.com.tevolvers.certification.reto.tasks.AgregarProducto$$EnhancerByCGLIB$$694137ae.performAs(<generated>)
	at net.serenitybdd.screenplay.Actor.performTask(Actor.java:232)
	at net.serenitybdd.screenplay.Actor.perform(Actor.java:213)
	at net.serenitybdd.screenplay.Actor.attemptsTo(Actor.java:170)
	at co.com.tevolvers.certification.reto.stepdefinitions.ComprarProductoStepDefinition.elUsuarioSeleccionaLosProductosYAgregarVariasCantidades(ComprarProductoStepDefinition.java:43)
	at ?.el usuario selecciona los productos y agregar varias cantidades(src/test/resources/features/compra_producto.feature:10)

]]></system-out>
  <system-err><![CDATA[SLF4J: Failed to load class "org.slf4j.impl.StaticLoggerBinder".
SLF4J: Defaulting to no-operation (NOP) logger implementation
SLF4J: See http://www.slf4j.org/codes.html#StaticLoggerBinder for further details.
]]></system-err>
</testsuite>
